<?xml version="1.0" encoding="UTF-8"?>
<testsuite name="com.example.springbootprofiles.SpringbootprofilesApplicationTests" tests="1" skipped="0" failures="0" errors="0" timestamp="2024-06-07T11:35:32" hostname="DESKTOP-SC7D1KT" time="8.338">
  <properties/>
  <testcase name="givenprofiles_whenDevProfileSet_ReadDevProfileValues()" classname="com.example.springbootprofiles.SpringbootprofilesApplicationTests" time="8.338"/>
  <system-out><![CDATA[07:34:37.805 [Test worker] INFO org.springframework.test.context.support.AnnotationConfigContextLoaderUtils -- Could not detect default configuration classes for test class [com.example.springbootprofiles.SpringbootprofilesApplicationTests]: SpringbootprofilesApplicationTests does not declare any static, non-private, non-final, nested classes annotated with @Configuration.
07:34:38.083 [Test worker] INFO org.springframework.boot.test.context.SpringBootTestContextBootstrapper -- Found @SpringBootConfiguration com.example.springbootprofiles.SpringbootprofilesApplication for test class com.example.springbootprofiles.SpringbootprofilesApplicationTests
  .   ____          _            __ _ _
 /\\ / ___'_ __ _ _(_)_ __  __ _ \ \ \ \
( ( )\___ | '_ | '_| | '_ \/ _` | \ \ \ \
 \\/  ___)| |_)| | | | | || (_| |  ) ) ) )
  '  |____| .__|_| |_|_| |_\__, | / / / /
 =========|_|==============|___/=/_/_/_/

 :: Spring Boot ::                (v3.3.0)

2024-06-07T07:34:39.274-04:00  INFO 25228 --- [    Test worker] c.e.s.SpringbootprofilesApplicationTests : Starting SpringbootprofilesApplicationTests using Java 17.0.11 with PID 25228 (started by subbi in C:\repos\practice\SpringBootProfiles)
2024-06-07T07:34:39.276-04:00  INFO 25228 --- [    Test worker] c.e.s.SpringbootprofilesApplicationTests : The following 1 profile is active: "dev"
2024-06-07T07:35:29.687-04:00  INFO 25228 --- [    Test worker] c.e.s.SpringbootprofilesApplicationTests : Started SpringbootprofilesApplicationTests in 51.158 seconds (process running for 55.31)
DEVtrue
http://dev.discoverfinancial.com
]]></system-out>
  <system-err><![CDATA[]]></system-err>
</testsuite>
