<?xml version="1.0" encoding="UTF-8"?>
<testsuite name="com.example.springbootprofiles.JWTConsumerKeysConfigBeansTests" tests="3" skipped="0" failures="0" errors="0" timestamp="2024-06-07T17:16:23" hostname="DESKTOP-SC7D1KT" time="0.132">
  <properties/>
  <testcase name="givenJwtConsumerKeys_whenGetConsumerCert_thenReadConsumerCert_Success()" classname="com.example.springbootprofiles.JWTConsumerKeysConfigBeansTests" time="0.118"/>
  <testcase name="givenJwtConsumerKeys_whenGetSecretKey_thenReadSecretKey_Success()" classname="com.example.springbootprofiles.JWTConsumerKeysConfigBeansTests" time="0.006"/>
  <testcase name="givenJwtConsumerKeys_whenGetApiKey_thenReadJWTAPIKEY_Success()" classname="com.example.springbootprofiles.JWTConsumerKeysConfigBeansTests" time="0.004"/>
  <system-out><![CDATA[13:16:18.142 [Test worker] INFO org.springframework.test.context.support.AnnotationConfigContextLoaderUtils -- Could not detect default configuration classes for test class [com.example.springbootprofiles.JWTConsumerKeysConfigBeansTests]: JWTConsumerKeysConfigBeansTests does not declare any static, non-private, non-final, nested classes annotated with @Configuration.
13:16:18.439 [Test worker] INFO org.springframework.boot.test.context.SpringBootTestContextBootstrapper -- Found @SpringBootConfiguration com.example.springbootprofiles.SpringbootprofilesApplication for test class com.example.springbootprofiles.JWTConsumerKeysConfigBeansTests
  .   ____          _            __ _ _
 /\\ / ___'_ __ _ _(_)_ __  __ _ \ \ \ \
( ( )\___ | '_ | '_| | '_ \/ _` | \ \ \ \
 \\/  ___)| |_)| | | | | || (_| |  ) ) ) )
  '  |____| .__|_| |_|_| |_\__, | / / / /
 =========|_|==============|___/=/_/_/_/

 :: Spring Boot ::                (v3.3.0)

2024-06-07T13:16:19.404-04:00  INFO 24872 --- [    Test worker] c.e.s.JWTConsumerKeysConfigBeansTests    : Starting JWTConsumerKeysConfigBeansTests using Java 17.0.11 with PID 24872 (started by subbi in C:\repos\downloadpractice\SpringBootProfiles)
2024-06-07T13:16:19.407-04:00  INFO 24872 --- [    Test worker] c.e.s.JWTConsumerKeysConfigBeansTests    : The following 1 profile is active: "dev"
2024-06-07T13:16:23.696-04:00  INFO 24872 --- [    Test worker] c.e.s.JWTConsumerKeysConfigBeansTests    : Started JWTConsumerKeysConfigBeansTests in 4.852 seconds (process running for 7.638)
DEVtrue
http://dev.discoverfinancial.com
]]></system-out>
  <system-err><![CDATA[]]></system-err>
</testsuite>
